app/build/outputs/logs/manifest-merger-release-report.txt
-- Merging decision tree log ---
manifest
ADDED from src/main/AndroidManifest.xml:2:1-41:12
	package
		ADDED from src/main/AndroidManifest.xml:3:5-26
		INJECTED from src/main/AndroidManifest.xml
		INJECTED from src/main/AndroidManifest.xml
	android:versionName
		ADDED from src/main/AndroidManifest.xml:5:5-30
	android:versionCode
		ADDED from src/main/AndroidManifest.xml:4:5-28
		INJECTED from src/main/AndroidManifest.xml
		INJECTED from src/main/AndroidManifest.xml
	xmlns:android
		ADDED from src/main/AndroidManifest.xml:2:11-69
uses-sdk
ADDED from src/main/AndroidManifest.xml:7:5-44
	android:targetSdkVersion
		INJECTED from src/main/AndroidManifest.xml
		INJECTED from src/main/AndroidManifest.xml
	android:minSdkVersion
		ADDED from src/main/AndroidManifest.xml:7:15-41
		INJECTED from src/main/AndroidManifest.xml
		INJECTED from src/main/AndroidManifest.xml
uses-permission#android.permission.BLUETOOTH
ADDED from src/main/AndroidManifest.xml:8:5-84
	android:name
		ADDED from src/main/AndroidManifest.xml:8:22-65
uses-permission#android.permission.BLUETOOTH_ADMIN
ADDED from src/main/AndroidManifest.xml:9:5-90
	android:name
		ADDED from src/main/AndroidManifest.xml:9:22-71
uses-permission#android.permission.INTERNET
ADDED from src/main/AndroidManifest.xml:10:5-83
	android:name
		ADDED from src/main/AndroidManifest.xml:10:22-64
uses-permission#android.permission.WRITE_EXTERNAL_STORAGE
ADDED from src/main/AndroidManifest.xml:11:5-80
	android:name
		ADDED from src/main/AndroidManifest.xml:11:22-78
application
ADDED from src/main/AndroidManifest.xml:13:5-39:19
	android:label
		ADDED from src/main/AndroidManifest.xml:15:9-41
	android:icon
		ADDED from src/main/AndroidManifest.xml:14:9-45
activity#com.example.EPOSPrintSampleActivity
ADDED from src/main/AndroidManifest.xml:16:9-28:20
	android:screenOrientation
		ADDED from src/main/AndroidManifest.xml:18:13-49
	android:label
		ADDED from src/main/AndroidManifest.xml:19:13-45
	android:name
		ADDED from src/main/AndroidManifest.xml:17:13-52
intent-filter#android.hardware.usb.action.USB_DEVICE_ATTACHED+android.intent.action.MAIN+android.intent.category.LAUNCHER
ADDED from src/main/AndroidManifest.xml:20:13-25:29
action#android.hardware.usb.action.USB_DEVICE_ATTACHED
ADDED from src/main/AndroidManifest.xml:21:17-90
	android:name
		ADDED from src/main/AndroidManifest.xml:21:25-87
action#android.intent.action.MAIN
ADDED from src/main/AndroidManifest.xml:22:17-69
	android:name
		ADDED from src/main/AndroidManifest.xml:22:25-66
category#android.intent.category.LAUNCHER
ADDED from src/main/AndroidManifest.xml:24:17-77
	android:name
		ADDED from src/main/AndroidManifest.xml:24:27-74
meta-data#android.hardware.usb.action.USB_DEVICE_ATTACHED
ADDED from src/main/AndroidManifest.xml:26:13-27:61
	android:resource
		ADDED from src/main/AndroidManifest.xml:27:21-58
	android:name
		ADDED from src/main/AndroidManifest.xml:26:24-86
activity#com.example.DiscoverPrinterActivity
ADDED from src/main/AndroidManifest.xml:29:9-139
	android:screenOrientation
		ADDED from src/main/AndroidManifest.xml:29:91-127
	android:label
		ADDED from src/main/AndroidManifest.xml:29:58-90
	android:name
		ADDED from src/main/AndroidManifest.xml:29:19-57
activity#com.example.OpenActivity
ADDED from src/main/AndroidManifest.xml:30:9-128
	android:screenOrientation
		ADDED from src/main/AndroidManifest.xml:30:80-116
	android:label
		ADDED from src/main/AndroidManifest.xml:30:47-79
	android:name
		ADDED from src/main/AndroidManifest.xml:30:19-46
activity#com.example.TextActivity
ADDED from src/main/AndroidManifest.xml:31:9-128
	android:screenOrientation
		ADDED from src/main/AndroidManifest.xml:31:80-116
	android:label
		ADDED from src/main/AndroidManifest.xml:31:47-79
	android:name
		ADDED from src/main/AndroidManifest.xml:31:19-46
activity#com.example.ImageActivity
ADDED from src/main/AndroidManifest.xml:32:9-129
	android:screenOrientation
		ADDED from src/main/AndroidManifest.xml:32:81-117
	android:label
		ADDED from src/main/AndroidManifest.xml:32:48-80
	android:name
		ADDED from src/main/AndroidManifest.xml:32:19-47
activity#com.example.BarcodeActivity
ADDED from src/main/AndroidManifest.xml:33:9-131
	android:screenOrientation
		ADDED from src/main/AndroidManifest.xml:33:83-119
	android:label
		ADDED from src/main/AndroidManifest.xml:33:50-82
	android:name
		ADDED from src/main/AndroidManifest.xml:33:19-49
activity#com.example.Code2dActivity
ADDED from src/main/AndroidManifest.xml:34:9-130
	android:screenOrientation
		ADDED from src/main/AndroidManifest.xml:34:82-118
	android:label
		ADDED from src/main/AndroidManifest.xml:34:49-81
	android:name
		ADDED from src/main/AndroidManifest.xml:34:19-48
activity#com.example.PageModeActivity
ADDED from src/main/AndroidManifest.xml:35:9-132
	android:screenOrientation
		ADDED from src/main/AndroidManifest.xml:35:84-120
	android:label
		ADDED from src/main/AndroidManifest.xml:35:51-83
	android:name
		ADDED from src/main/AndroidManifest.xml:35:19-50
activity#com.example.CutActivity
ADDED from src/main/AndroidManifest.xml:36:9-127
	android:screenOrientation
		ADDED from src/main/AndroidManifest.xml:36:79-115
	android:label
		ADDED from src/main/AndroidManifest.xml:36:46-78
	android:name
		ADDED from src/main/AndroidManifest.xml:36:19-45
activity#com.example.GetNameActivity
ADDED from src/main/AndroidManifest.xml:37:9-131
	android:screenOrientation
		ADDED from src/main/AndroidManifest.xml:37:83-119
	android:label
		ADDED from src/main/AndroidManifest.xml:37:50-82
	android:name
		ADDED from src/main/AndroidManifest.xml:37:19-49
activity#com.example.LogSettingsActivity
ADDED from src/main/AndroidManifest.xml:38:9-135
	android:screenOrientation
		ADDED from src/main/AndroidManifest.xml:38:87-123
	android:label
		ADDED from src/main/AndroidManifest.xml:38:54-86
	android:name
		ADDED from src/main/AndroidManifest.xml:38:19-53